2021-06-09 22:49:11 [main] INFO  o.s.c.s.PostProcessorRegistrationDelegate$BeanPostProcessorChecker -
				Bean 'org.springframework.cloud.autoconfigure.ConfigurationPropertiesRebinderAutoConfiguration' of type [org.springframework.cloud.autoconfigure.ConfigurationPropertiesRebinderAutoConfiguration$$EnhancerBySpringCGLIB$$3b4edf9c] is not eligible for getting processed by all BeanPostProcessors (for example: not eligible for auto-proxying)
2021-06-09 22:49:11 [main] INFO  c.h.r.MatchRecommendationServiceApplication -
				No active profile set, falling back to default profiles: default
2021-06-09 22:49:12 [main] INFO  o.s.d.r.c.RepositoryConfigurationDelegate -
				Bootstrapping Spring Data repositories in DEFAULT mode.
2021-06-09 22:49:12 [main] INFO  o.s.d.r.c.RepositoryConfigurationDelegate -
				Finished Spring Data repository scanning in 111ms. Found 1 repository interfaces.
2021-06-09 22:49:13 [main] WARN  o.s.boot.actuate.endpoint.EndpointId -
				Endpoint ID 'service-registry' contains invalid characters, please migrate to a valid format.
2021-06-09 22:49:13 [main] INFO  o.s.cloud.context.scope.GenericScope -
				BeanFactory id=2bf0d411-58ad-380b-a7be-c7038d8b5705
2021-06-09 22:49:13 [main] INFO  o.s.c.s.PostProcessorRegistrationDelegate$BeanPostProcessorChecker -
				Bean 'org.springframework.amqp.rabbit.annotation.RabbitBootstrapConfiguration' of type [org.springframework.amqp.rabbit.annotation.RabbitBootstrapConfiguration$$EnhancerBySpringCGLIB$$e5a09acd] is not eligible for getting processed by all BeanPostProcessors (for example: not eligible for auto-proxying)
2021-06-09 22:49:13 [main] INFO  o.s.c.s.PostProcessorRegistrationDelegate$BeanPostProcessorChecker -
				Bean 'org.springframework.cloud.autoconfigure.ConfigurationPropertiesRebinderAutoConfiguration' of type [org.springframework.cloud.autoconfigure.ConfigurationPropertiesRebinderAutoConfiguration$$EnhancerBySpringCGLIB$$3b4edf9c] is not eligible for getting processed by all BeanPostProcessors (for example: not eligible for auto-proxying)
2021-06-09 22:49:14 [main] INFO  o.s.b.w.e.tomcat.TomcatWebServer -
				Tomcat initialized with port(s): 8092 (http)
2021-06-09 22:49:14 [main] INFO  o.a.coyote.http11.Http11NioProtocol -
				Initializing ProtocolHandler ["http-nio-8092"]
2021-06-09 22:49:14 [main] INFO  o.a.catalina.core.StandardService -
				Starting service [Tomcat]
2021-06-09 22:49:14 [main] INFO  o.a.catalina.core.StandardEngine -
				Starting Servlet engine: [Apache Tomcat/9.0.14]
2021-06-09 22:49:14 [main] INFO  o.a.c.core.AprLifecycleListener -
				The APR based Apache Tomcat Native library which allows optimal performance in production environments was not found on the java.library.path: [C:\Users\Cyclopes\Downloads\sts-4.10.0.RELEASE\plugins\org.eclipse.justj.openjdk.hotspot.jre.full.win32.x86_64_15.0.2.v20210201-0955\jre\bin;C:\Windows\Sun\Java\bin;C:\Windows\system32;C:\Windows;C:/Users/Cyclopes/Downloads/sts-4.10.0.RELEASE//plugins/org.eclipse.justj.openjdk.hotspot.jre.full.win32.x86_64_15.0.2.v20210201-0955/jre/bin/server;C:/Users/Cyclopes/Downloads/sts-4.10.0.RELEASE//plugins/org.eclipse.justj.openjdk.hotspot.jre.full.win32.x86_64_15.0.2.v20210201-0955/jre/bin;C:\Program Files\Common Files\Oracle\Java\javapath;C:\Windows\system32;C:\Windows;C:\Windows\System32\Wbem;C:\Windows\System32\WindowsPowerShell\v1.0\;C:\Windows\System32\OpenSSH\;C:\Program Files\Git\cmd;C:\Program Files\nodejs\;C:\Program Files\Microsoft VS Code\bin;C:\Program Files\MySQL\MySQL Shell 8.0\bin\;C:\Users\Cyclopes\AppData\Local\Microsoft\WindowsApps;C:\Users\Cyclopes\AppData\Roaming\npm;C:\Users\Cyclopes\Downloads\sts-4.10.0.RELEASE;;.]
2021-06-09 22:49:14 [main] INFO  o.a.c.c.C.[Tomcat].[localhost].[/] -
				Initializing Spring embedded WebApplicationContext
2021-06-09 22:49:14 [main] INFO  o.s.web.context.ContextLoader -
				Root WebApplicationContext: initialization completed in 3121 ms
2021-06-09 22:49:14 [main] WARN  c.n.c.sources.URLConfigurationSource -
				No URLs will be polled as dynamic configuration sources.
2021-06-09 22:49:14 [main] INFO  c.n.c.sources.URLConfigurationSource -
				To enable URLs as dynamic configuration sources, define System property archaius.configurationSource.additionalUrls or make config.properties available on classpath.
2021-06-09 22:49:14 [main] INFO  c.n.config.DynamicPropertyFactory -
				DynamicPropertyFactory is initialized with configuration sources: com.netflix.config.ConcurrentCompositeConfiguration@166b11e
2021-06-09 22:49:15 [main] INFO  org.mongodb.driver.cluster -
				Cluster created with settings {hosts=[localhost:27017], mode=MULTIPLE, requiredClusterType=UNKNOWN, serverSelectionTimeout='30000 ms', maxWaitQueueSize=500}
2021-06-09 22:49:15 [main] INFO  org.mongodb.driver.cluster -
				Adding discovered server localhost:27017 to client view of cluster
2021-06-09 22:49:15 [cluster-ClusterId{value='60c0f8133562b1205492e3d1', description='null'}-localhost:27017] INFO  org.mongodb.driver.connection -
				Opened connection [connectionId{localValue:1, serverValue:125}] to localhost:27017
2021-06-09 22:49:15 [cluster-ClusterId{value='60c0f8133562b1205492e3d1', description='null'}-localhost:27017] INFO  org.mongodb.driver.cluster -
				Monitor thread successfully connected to server with description ServerDescription{address=localhost:27017, type=STANDALONE, state=CONNECTED, ok=true, version=ServerVersion{versionList=[4, 4, 6]}, minWireVersion=0, maxWireVersion=9, maxDocumentSize=16777216, logicalSessionTimeoutMinutes=30, roundTripTimeNanos=5665199}
2021-06-09 22:49:15 [cluster-ClusterId{value='60c0f8133562b1205492e3d1', description='null'}-localhost:27017] INFO  org.mongodb.driver.cluster -
				Discovered cluster type of STANDALONE
2021-06-09 22:49:17 [main] WARN  c.n.c.sources.URLConfigurationSource -
				No URLs will be polled as dynamic configuration sources.
2021-06-09 22:49:17 [main] INFO  c.n.c.sources.URLConfigurationSource -
				To enable URLs as dynamic configuration sources, define System property archaius.configurationSource.additionalUrls or make config.properties available on classpath.
2021-06-09 22:49:17 [main] INFO  o.s.s.c.ThreadPoolTaskExecutor -
				Initializing ExecutorService 'applicationTaskExecutor'
2021-06-09 22:49:19 [main] INFO  o.s.b.a.e.web.EndpointLinksResolver -
				Exposing 2 endpoint(s) beneath base path '/actuator'
2021-06-09 22:49:19 [main] INFO  o.s.c.n.eureka.InstanceInfoFactory -
				Setting initial instance status as: STARTING
2021-06-09 22:49:19 [main] INFO  c.netflix.discovery.DiscoveryClient -
				Initializing Eureka in region us-east-1
2021-06-09 22:49:19 [main] INFO  c.n.d.p.DiscoveryJerseyProvider -
				Using JSON encoding codec LegacyJacksonJson
2021-06-09 22:49:19 [main] INFO  c.n.d.p.DiscoveryJerseyProvider -
				Using JSON decoding codec LegacyJacksonJson
2021-06-09 22:49:19 [main] INFO  c.n.d.p.DiscoveryJerseyProvider -
				Using XML encoding codec XStreamXml
2021-06-09 22:49:19 [main] INFO  c.n.d.p.DiscoveryJerseyProvider -
				Using XML decoding codec XStreamXml
2021-06-09 22:49:20 [main] INFO  c.n.d.s.r.aws.ConfigClusterResolver -
				Resolving eureka endpoints via configuration
2021-06-09 22:49:20 [main] INFO  c.netflix.discovery.DiscoveryClient -
				Disable delta property : false
2021-06-09 22:49:20 [main] INFO  c.netflix.discovery.DiscoveryClient -
				Single vip registry refresh property : null
2021-06-09 22:49:20 [main] INFO  c.netflix.discovery.DiscoveryClient -
				Force full registry fetch : false
2021-06-09 22:49:20 [main] INFO  c.netflix.discovery.DiscoveryClient -
				Application is null : false
2021-06-09 22:49:20 [main] INFO  c.netflix.discovery.DiscoveryClient -
				Registered Applications size is zero : true
2021-06-09 22:49:20 [main] INFO  c.netflix.discovery.DiscoveryClient -
				Application version is -1: true
2021-06-09 22:49:20 [main] INFO  c.netflix.discovery.DiscoveryClient -
				Getting all instance registry info from the eureka server
2021-06-09 22:49:20 [main] INFO  c.netflix.discovery.DiscoveryClient -
				The response status is 200
2021-06-09 22:49:20 [main] INFO  c.netflix.discovery.DiscoveryClient -
				Starting heartbeat executor: renew interval is: 30
2021-06-09 22:49:20 [main] INFO  c.n.discovery.InstanceInfoReplicator -
				InstanceInfoReplicator onDemand update allowed rate per min is 4
2021-06-09 22:49:20 [main] INFO  c.netflix.discovery.DiscoveryClient -
				Discovery Client initialized at timestamp 1623259160789 with initial instances count: 0
2021-06-09 22:49:20 [main] INFO  o.s.c.n.e.s.EurekaServiceRegistry -
				Registering application RECOMMENDATIONSERVICE with eureka with status UP
2021-06-09 22:49:20 [main] INFO  c.netflix.discovery.DiscoveryClient -
				Saw local status change event StatusChangeEvent [timestamp=1623259160794, current=UP, previous=STARTING]
2021-06-09 22:49:20 [DiscoveryClient-InstanceInfoReplicator-0] INFO  c.netflix.discovery.DiscoveryClient -
				DiscoveryClient_RECOMMENDATIONSERVICE/Mr-Thakur:RecommendationService:8092: registering service...
2021-06-09 22:49:20 [main] INFO  o.a.coyote.http11.Http11NioProtocol -
				Starting ProtocolHandler ["http-nio-8092"]
2021-06-09 22:49:20 [DiscoveryClient-InstanceInfoReplicator-0] INFO  c.netflix.discovery.DiscoveryClient -
				DiscoveryClient_RECOMMENDATIONSERVICE/Mr-Thakur:RecommendationService:8092 - registration status: 204
2021-06-09 22:49:20 [RMI TCP Connection(5)-127.0.0.1] INFO  o.a.c.c.C.[Tomcat].[localhost].[/] -
				Initializing Spring DispatcherServlet 'dispatcherServlet'
2021-06-09 22:49:20 [RMI TCP Connection(5)-127.0.0.1] INFO  o.s.web.servlet.DispatcherServlet -
				Initializing Servlet 'dispatcherServlet'
2021-06-09 22:49:20 [main] INFO  o.s.b.w.e.tomcat.TomcatWebServer -
				Tomcat started on port(s): 8092 (http) with context path ''
2021-06-09 22:49:20 [main] INFO  o.s.c.n.e.s.EurekaAutoServiceRegistration -
				Updating port to 8092
2021-06-09 22:49:20 [RMI TCP Connection(5)-127.0.0.1] INFO  o.s.web.servlet.DispatcherServlet -
				Completed initialization in 13 ms
2021-06-09 22:49:20 [main] INFO  c.h.r.MatchRecommendationServiceApplication -
				Started MatchRecommendationServiceApplication in 10.963 seconds (JVM running for 12.486)
2021-06-09 22:49:50 [DiscoveryClient-CacheRefreshExecutor-0] INFO  c.netflix.discovery.DiscoveryClient -
				Disable delta property : false
2021-06-09 22:49:50 [DiscoveryClient-CacheRefreshExecutor-0] INFO  c.netflix.discovery.DiscoveryClient -
				Single vip registry refresh property : null
2021-06-09 22:49:50 [DiscoveryClient-CacheRefreshExecutor-0] INFO  c.netflix.discovery.DiscoveryClient -
				Force full registry fetch : false
2021-06-09 22:49:50 [DiscoveryClient-CacheRefreshExecutor-0] INFO  c.netflix.discovery.DiscoveryClient -
				Application is null : false
2021-06-09 22:49:50 [DiscoveryClient-CacheRefreshExecutor-0] INFO  c.netflix.discovery.DiscoveryClient -
				Registered Applications size is zero : true
2021-06-09 22:49:50 [DiscoveryClient-CacheRefreshExecutor-0] INFO  c.netflix.discovery.DiscoveryClient -
				Application version is -1: false
2021-06-09 22:49:50 [DiscoveryClient-CacheRefreshExecutor-0] INFO  c.netflix.discovery.DiscoveryClient -
				Getting all instance registry info from the eureka server
2021-06-09 22:49:50 [DiscoveryClient-CacheRefreshExecutor-0] INFO  c.netflix.discovery.DiscoveryClient -
				The response status is 200
2021-06-09 22:51:41 [http-nio-8092-exec-1] INFO  org.mongodb.driver.connection -
				Opened connection [connectionId{localValue:2, serverValue:127}] to localhost:27017
2021-06-09 22:51:55 [http-nio-8092-exec-1] INFO  org.mongodb.driver.connection -
				Opened connection [connectionId{localValue:3, serverValue:128}] to localhost:27017
2021-06-09 22:51:55 [http-nio-8092-exec-7] INFO  org.mongodb.driver.connection -
				Opened connection [connectionId{localValue:6, serverValue:129}] to localhost:27017
2021-06-09 22:51:55 [http-nio-8092-exec-10] INFO  org.mongodb.driver.connection -
				Opened connection [connectionId{localValue:5, serverValue:131}] to localhost:27017
2021-06-09 22:51:55 [http-nio-8092-exec-5] INFO  org.mongodb.driver.connection -
				Opened connection [connectionId{localValue:4, serverValue:130}] to localhost:27017
2021-06-09 22:51:55 [http-nio-8092-exec-2] INFO  org.mongodb.driver.connection -
				Opened connection [connectionId{localValue:7, serverValue:132}] to localhost:27017
